[2025-12-30 15:51:52] ======================================================================
[2025-12-30 15:51:52] 🔬 AUTONOMOUS RESEARCH SYSTEM STARTED
[2025-12-30 15:51:52] ======================================================================
[2025-12-30 15:51:52] Output directory: autonomous_research
[2025-12-30 15:51:52] Max runtime: 1.0 hours
[2025-12-30 15:51:52] Previous runtime: 0.00 hours
[2025-12-30 15:51:52] Previous experiments: 0
[2025-12-30 15:51:52] ======================================================================
[2025-12-30 15:51:52] 
======================================================================
[2025-12-30 15:51:52] 🔄 Research Cycle 1
[2025-12-30 15:51:52]    Runtime: 0.00h
[2025-12-30 15:51:52]    Experiments: 0
[2025-12-30 15:51:52]    Findings: 0
[2025-12-30 15:51:52] ======================================================================
[2025-12-30 15:51:52] 
🧪 Running: acrobot (bp)
[2025-12-30 15:51:52]    Priority: 0.82
[2025-12-30 15:54:13] 
🧪 Running: xor3 (bp)
[2025-12-30 15:54:13]    Priority: 0.75
[2025-12-30 15:54:23] 
🧪 Running: acrobot (eqprop)
[2025-12-30 15:54:23]    Priority: 0.74
[2025-12-30 16:08:45] 
🛑 Shutdown signal received, saving state...
[2025-12-30 16:08:45] 💾 Checkpoint saved
[2025-12-30 16:08:45] ✅ State saved. Exiting gracefully.
