======================================================================
Hyperparameter Sweep: Closing the Accuracy Gap
======================================================================
    Beta  Damping         LR   Test Acc
----------------------------------------------------------------------
    0.05     0.80     0.0005     0.7944 ***
    0.05     0.80     0.0010     0.9017 ***
    0.05     0.80     0.0020     0.9206 ***
    0.05     0.90     0.0005     0.8880 
    0.05     0.90     0.0010     0.9051 
    0.05     0.90     0.0020     0.8819 
    0.05     0.95     0.0005     0.8690 
    0.05     0.95     0.0010     0.9211 ***
    0.05     0.95     0.0020     0.9181 
    0.10     0.80     0.0005     0.8688 
    0.10     0.80     0.0010     0.9149 
    0.10     0.80     0.0020     0.9039 
    0.10     0.90     0.0005     0.9055 
    0.10     0.90     0.0010     0.9146 
    0.10     0.90     0.0020     0.9259 ***
    0.10     0.95     0.0005     0.8870 
    0.10     0.95     0.0010     0.9190 
    0.10     0.95     0.0020     0.9151 
    0.20     0.80     0.0005     0.9144 
    0.20     0.80     0.0010     0.7835 
    0.20     0.80     0.0020     0.9390 ***
    0.20     0.90     0.0005     0.9128 
    0.20     0.90     0.0010     0.9281 
    0.20     0.90     0.0020     0.9256 
    0.20     0.95     0.0005     0.9051 
    0.20     0.95     0.0010     0.9040 
    0.20     0.95     0.0020     0.8686 
----------------------------------------------------------------------

Best configuration:
  Beta: 0.2
  Damping: 0.8
  LR: 0.002
  Test Accuracy: 0.9390

Running best config for 5 epochs...
  Epoch 0 [0/469] Acc: 0.133
  Epoch 0 [200/469] Acc: 0.867
  Epoch 0 [400/469] Acc: 0.898
  Epoch 1 [0/469] Acc: 0.922
  Epoch 1 [200/469] Acc: 0.938
  Epoch 1 [400/469] Acc: 0.867
  Epoch 2 [0/469] Acc: 0.906
  Epoch 2 [200/469] Acc: 0.914
  Epoch 2 [400/469] Acc: 0.922
  Epoch 3 [0/469] Acc: 0.914
  Epoch 3 [200/469] Acc: 0.930
  Epoch 3 [400/469] Acc: 0.906
  Epoch 4 [0/469] Acc: 0.961
  Epoch 4 [200/469] Acc: 0.953
  Epoch 4 [400/469] Acc: 0.969

Final Test Accuracy (5 epochs): 0.9404
